
Showing logs for build [32mcb-kubecd-bdd-gh-1568056354-pr-1[0m stage [32mmeta-pipeline[0m and container [32mstep-credential-initializer-v5g5x[0m
{"level":"warn","ts":1568056653.9359536,"logger":"fallback-logger","caller":"logging/config.go:69","msg":"Fetch GitHub commit ID from kodata failed: \"ref: refs/heads/master\" is not a valid GitHub commit ID"}
{"level":"info","ts":1568056653.9369276,"logger":"fallback-logger","caller":"creds-init/main.go:40","msg":"Credentials initialized."}

Showing logs for build [32mcb-kubecd-bdd-gh-1568056354-pr-1[0m stage [32mmeta-pipeline[0m and container [32mstep-working-dir-initializer-2qrk8[0m
{"level":"warn","ts":1568056655.8217695,"logger":"fallback-logger","caller":"logging/config.go:69","msg":"Fetch GitHub commit ID from kodata failed: open /var/run/ko/HEAD: no such file or directory"}
{"level":"info","ts":1568056655.823905,"logger":"fallback-logger","caller":"bash/main.go:65","msg":"Successfully executed command \"mkdir -p /workspace/source\""}

Showing logs for build [32mcb-kubecd-bdd-gh-1568056354-pr-1[0m stage [32mmeta-pipeline[0m and container [32mstep-place-tools[0m

Showing logs for build [32mcb-kubecd-bdd-gh-1568056354-pr-1[0m stage [32mmeta-pipeline[0m and container [32mstep-git-source-meta-cb-kubecd-bdd-gh-156805635-p9wq8[0m
{"level":"warn","ts":1568056808.8762345,"logger":"fallback-logger","caller":"logging/config.go:69","msg":"Fetch GitHub commit ID from kodata failed: \"ref: refs/heads/master\" is not a valid GitHub commit ID"}
{"level":"info","ts":1568056810.7892928,"logger":"fallback-logger","caller":"git/git.go:102","msg":"Successfully cloned https://github.com/cb-kubecd/bdd-gh-1568056354.git @ 002f21ac4325e1f3a801f8ed736718784750a7c4 in path /workspace/source"}

Showing logs for build [32mcb-kubecd-bdd-gh-1568056354-pr-1[0m stage [32mmeta-pipeline[0m and container [32mstep-git-merge[0m
Using SHAs from PULL_REFS=master:002f21ac4325e1f3a801f8ed736718784750a7c4,1:1bd61401fbd6562a92868639bd4726d63a342588
DEBUG: ran git fetch --unshallow origin 1bd61401fbd6562a92868639bd4726d63a342588: 002f21ac4325e1f3a801f8ed736718784750a7c4: in 
DEBUG: ran git checkout master in 
DEBUG: ran git reset --hard 002f21ac4325e1f3a801f8ed736718784750a7c4 in 
DEBUG: ran clean --force -d . in 
DEBUG: ran git merge 1bd61401fbd6562a92868639bd4726d63a342588 in 
Merged SHA 1bd61401fbd6562a92868639bd4726d63a342588 with commit message 'My first PR commit' into base branch master

Showing logs for build [32mcb-kubecd-bdd-gh-1568056354-pr-1[0m stage [32mmeta-pipeline[0m and container [32mstep-merge-pull-refs[0m
DEBUG: ran git fetch origin 1bd61401fbd6562a92868639bd4726d63a342588: 002f21ac4325e1f3a801f8ed736718784750a7c4: in 
DEBUG: Unshallowed git repo in 
DEBUG: ran git checkout master in 
DEBUG: ran git reset --hard 002f21ac4325e1f3a801f8ed736718784750a7c4 in 
DEBUG: ran clean --force -d . in 
DEBUG: ran git merge 1bd61401fbd6562a92868639bd4726d63a342588 in 
Merged SHA 1bd61401fbd6562a92868639bd4726d63a342588 with commit message 'My first PR commit' into base branch master

Showing logs for build [32mcb-kubecd-bdd-gh-1568056354-pr-1[0m stage [32mmeta-pipeline[0m and container [32mstep-create-effective-pipeline[0m
Deleting and cloning the Jenkins X versions repo
Cloning the Jenkins X versions repo https://github.com/jenkins-x/jenkins-x-versions.git with ref refs/heads/master to /builder/home/.**/jenkins-x-versions
Effective pipeline written to jenkins-x-serverless-jenkins-effective.yml

Showing logs for build [32mcb-kubecd-bdd-gh-1568056354-pr-1[0m stage [32mmeta-pipeline[0m and container [32mstep-create-tekton-crds[0m
PipelineActivity for cb-kubecd-bdd-gh-1568056354-PR-1-1
Applying changes 
upserted PipelineResource cb-kubecd-bdd-gh-1568056354-pr for the git repository https://github.com/cb-kubecd/bdd-gh-1568056354.git
upserted Task cb-kubecd-bdd-gh-1568056354-pr-from-build-pack-1
upserted Pipeline cb-kubecd-bdd-gh-1568056354-pr-1
created PipelineRun cb-kubecd-bdd-gh-1568056354-pr-1
created PipelineStructure cb-kubecd-bdd-gh-1568056354-pr-1

Showing logs for build [32mcb-kubecd-bdd-gh-1568056354-pr-1[0m stage [32mfrom-build-pack[0m and container [32mstep-credential-initializer-b2d2d[0m
{"level":"warn","ts":1568056823.6477091,"logger":"fallback-logger","caller":"logging/config.go:69","msg":"Fetch GitHub commit ID from kodata failed: \"ref: refs/heads/master\" is not a valid GitHub commit ID"}
{"level":"info","ts":1568056823.6489344,"logger":"fallback-logger","caller":"creds-init/main.go:40","msg":"Credentials initialized."}

Showing logs for build [32mcb-kubecd-bdd-gh-1568056354-pr-1[0m stage [32mfrom-build-pack[0m and container [32mstep-working-dir-initializer-2j2vf[0m
{"level":"warn","ts":1568056825.4942255,"logger":"fallback-logger","caller":"logging/config.go:69","msg":"Fetch GitHub commit ID from kodata failed: open /var/run/ko/HEAD: no such file or directory"}
{"level":"info","ts":1568056825.4963336,"logger":"fallback-logger","caller":"bash/main.go:65","msg":"Successfully executed command \"mkdir -p /workspace/source /workspace/source/charts/preview\""}

Showing logs for build [32mcb-kubecd-bdd-gh-1568056354-pr-1[0m stage [32mfrom-build-pack[0m and container [32mstep-place-tools[0m

Showing logs for build [32mcb-kubecd-bdd-gh-1568056354-pr-1[0m stage [32mfrom-build-pack[0m and container [32mstep-git-source-cb-kubecd-bdd-gh-1568056354-pr-crj9k[0m
{"level":"warn","ts":1568056892.0365343,"logger":"fallback-logger","caller":"logging/config.go:69","msg":"Fetch GitHub commit ID from kodata failed: \"ref: refs/heads/master\" is not a valid GitHub commit ID"}
{"level":"info","ts":1568056893.4269836,"logger":"fallback-logger","caller":"git/git.go:102","msg":"Successfully cloned https://github.com/cb-kubecd/bdd-gh-1568056354.git @ master in path /workspace/source"}

Showing logs for build [32mcb-kubecd-bdd-gh-1568056354-pr-1[0m stage [32mfrom-build-pack[0m and container [32mstep-git-merge[0m
Using SHAs from PULL_REFS=master:002f21ac4325e1f3a801f8ed736718784750a7c4,1:1bd61401fbd6562a92868639bd4726d63a342588
DEBUG: ran git fetch --unshallow origin 1bd61401fbd6562a92868639bd4726d63a342588: 002f21ac4325e1f3a801f8ed736718784750a7c4: in 
DEBUG: ran git checkout master in 
DEBUG: ran git reset --hard 002f21ac4325e1f3a801f8ed736718784750a7c4 in 
DEBUG: ran clean --force -d . in 
DEBUG: ran git merge 1bd61401fbd6562a92868639bd4726d63a342588 in 
Merged SHA 1bd61401fbd6562a92868639bd4726d63a342588 with commit message 'My first PR commit' into base branch master

Showing logs for build [32mcb-kubecd-bdd-gh-1568056354-pr-1[0m stage [32mfrom-build-pack[0m and container [32mstep-build-make-linux[0m
CGO_ENABLED=0 GOOS=linux GOARCH=amd64 GO15VENDOREXPERIMENT=1 go build -ldflags '' -o bin/bdd-gh-1568056354 main.go

Showing logs for build [32mcb-kubecd-bdd-gh-1568056354-pr-1[0m stage [32mfrom-build-pack[0m and container [32mstep-build-container-build[0m
[36mINFO[0m[0000] No base image, nothing to extract            
[36mINFO[0m[0000] cmd: EXPOSE                                  
[36mINFO[0m[0000] Adding exposed port: 8080/tcp                
[36mINFO[0m[0000] Using files from context: [/workspace/source/bin] 
[36mINFO[0m[0000] Skipping unpacking as no commands require it. 
[36mINFO[0m[0000] Taking snapshot of full filesystem...        
[36mINFO[0m[0000] EXPOSE 8080                                  
[36mINFO[0m[0000] cmd: EXPOSE                                  
[36mINFO[0m[0000] Adding exposed port: 8080/tcp                
[36mINFO[0m[0000] No files changed in this command, skipping snapshotting. 
[36mINFO[0m[0000] ENTRYPOINT ["/bdd-gh-1568056354"]            
[36mINFO[0m[0000] No files changed in this command, skipping snapshotting. 
[36mINFO[0m[0000] Using files from context: [/workspace/source/bin] 
[36mINFO[0m[0000] COPY ./bin/ /                                
[36mINFO[0m[0000] Taking snapshot of files...                  
2019/09/09 19:21:50 pushed blob: sha256:5ea24cf03073e838c7ded9be0bc4b8e297df3801300d0ec41ccf51f9370d0729
2019/09/09 19:21:51 pushed blob: sha256:d1b617d26f0c9ca733a74c439647193ab3f9fb476843ec0a658f629289f442f6
2019/09/09 19:21:52 gcr.io/jenkins-x-bdd2/bdd-gh-1568056354:0.0.0-SNAPSHOT-PR-1-1: digest: sha256:dbe348c58edaadd127cf3776eae3f5760e51fe35721e8dfb9bbad43658c4a090 size: 428

Showing logs for build [32mcb-kubecd-bdd-gh-1568056354-pr-1[0m stage [32mfrom-build-pack[0m and container [32mstep-postbuild-post-build[0m
no CVE provider running in the current ** namespace so skip adding image to be analysed

Showing logs for build [32mcb-kubecd-bdd-gh-1568056354-pr-1[0m stage [32mfrom-build-pack[0m and container [32mstep-promote-make-preview[0m
sed -i -e "s/version:.*/version: 0.0.0-SNAPSHOT-PR-1-1/" Chart.yaml
sed -i -e "s/version:.*/version: 0.0.0-SNAPSHOT-PR-1-1/" ../*/Chart.yaml
sed -i -e "s|repository:.*|repository: gcr.io\/jenkins-x-bdd2\/bdd-gh-1568056354|" values.yaml
sed -i -e "s/tag:.*/tag: 0.0.0-SNAPSHOT-PR-1-1/" values.yaml
echo "  version: 0.0.0-SNAPSHOT-PR-1-1" >> requirements.yaml
** step helm build
WARNING: No $CHART_REPOSITORY defined so using the default value of: http://jenkins-x-chartmuseum:8080
Adding missing Helm repo: storage.googleapis.com https://storage.googleapis.com/chartmuseum.jenkins-x.io
Successfully added Helm repository storage.googleapis.com.
Adding missing Helm repo: jenkins-x-chartmuseum http://jenkins-x-chartmuseum:8080
Successfully added Helm repository jenkins-x-chartmuseum.
WARNING: No $CHART_REPOSITORY defined so using the default value of: http://jenkins-x-chartmuseum:8080
Adding missing Helm repo: chartmuseum.jenkins-x.io http://chartmuseum.jenkins-x.io
Successfully added Helm repository chartmuseum.jenkins-x.io.

Showing logs for build [32mcb-kubecd-bdd-gh-1568056354-pr-1[0m stage [32mfrom-build-pack[0m and container [32mstep-promote-jx-preview[0m
Creating a preview
WARNING: No author for commit: 1bd61401fbd6562a92868639bd4726d63a342588
Created environment cb-kubecd-bdd-gh-1568056354-pr-1
Namespace **-cb-kubecd-bdd-gh-1568056354-pr-1 created 
expose:
  Annotations:
    helm.sh/hook: post-install,post-upgrade
    helm.sh/hook-delete-policy: hook-succeeded
  config:
    domain: 35.205.144.204.nip.io
    exposer: Ingress
    http: "true"
preview:
  image:
    repository: gcr.io/jenkins-x-bdd2/bdd-gh-1568056354
    tag: 0.0.0-SNAPSHOT-PR-1-1
Deleting and cloning the Jenkins X versions repo
Cloning the Jenkins X versions repo https://github.com/jenkins-x/jenkins-x-versions.git with ref refs/heads/master to /builder/home/.**/jenkins-x-versions


Updating PipelineActivities cb-kubecd-bdd-gh-1568056354-pr-1-1 which has status Running
Preview application is now available at: http://bdd-gh-1568056354.**-cb-kubecd-bdd-gh-1568056354-pr-1.35.205.144.204.nip.io
